# ELBREAD: Elaboration process.
# ELBREAD: Elaboration time 0.1 [s].
acom -O3 -e 100 -work spu_lite -2008  $dsn/src/spu_lite.bde
# DRC: Checking file 'C:/Users/Paul/Documents/ESE 545/spu_lite/spu_lite/src/spu_lite.bde'.
# DRC: Warning: spu_lite.bde - 0 error(s), 4 warning(s)
# DRC: DRC process completed in 6 second(s).
# DRC: The results have been written to the log file. Double click on this line to view the log.
# Generating C:\Users\Paul\Documents\ESE 545\spu_lite\spu_lite\compile\spu_lite.vhd from C:\Users\Paul\Documents\ESE 545\spu_lite\spu_lite\src\spu_lite.bde ...
# Generation successful
# Warning: DAGGEN_0523: The source is compiled without the -dbg switch. Line breakpoints and assertion debug will not be available.
# File: ./../compile/spu_lite.vhd
# Compile Entity "spu_lite"
# Error: COMP96_0078: ../compile/spu_lite.vhd : (25, 5): Unknown identifier "spu_lite_pkg".
# Compile Architecture "rtl" of Entity "spu_lite"
# Compile failure 1 Errors 0 Warnings  Analysis time :  0.4 [s]
acom -O3 -e 100 -work spu_lite -2008  $dsn/src/spu_lite_pkg.vhd
# Warning: DAGGEN_0523: The source is compiled without the -dbg switch. Line breakpoints and assertion debug will not be available.
# File: C:/Users/Paul/Documents/ESE 545/spu_lite/spu_lite/src/spu_lite_pkg.vhd
# Compile Package "spu_lite_pkg"
# Compile success 0 Errors 0 Warnings  Analysis time :  31.0 [ms]
acom -O3 -e 100 -work spu_lite -2008  $dsn/src/spu_lite.bde
# DRC: Checking file 'C:/Users/Paul/Documents/ESE 545/spu_lite/spu_lite/src/spu_lite.bde'.
# DRC: Warning: spu_lite.bde - 0 error(s), 4 warning(s)
# DRC: DRC process completed in 6 second(s).
# DRC: The results have been written to the log file. Double click on this line to view the log.
# Generating C:\Users\Paul\Documents\ESE 545\spu_lite\spu_lite\compile\spu_lite.vhd from C:\Users\Paul\Documents\ESE 545\spu_lite\spu_lite\src\spu_lite.bde ...
# Generation successful
# Warning: DAGGEN_0523: The source is compiled without the -dbg switch. Line breakpoints and assertion debug will not be available.
# File: ./../compile/spu_lite.vhd
# Compile Entity "spu_lite"
# Error: COMP96_0078: ../compile/spu_lite.vhd : (25, 5): Unknown identifier "spu_lite_pkg".
# Compile Architecture "rtl" of Entity "spu_lite"
# Compile failure 1 Errors 0 Warnings  Analysis time :  0.1 [s]
